<?xml version="1.0" encoding="UTF-8"?>
<!-- Generated by org.testng.reporters.JUnitReportReporter -->
<testsuite skipped="1" hostname="srinivas-PC" name="com.crm.qa.test.ContactsPageTest" tests="1" failures="0" timestamp="12 Jul 2018 04:08:03 GMT" time="0.000" errors="0">
  <testcase name="validateCreateNewContacts" time="0.000" classname="com.crm.qa.test.ContactsPageTest">
    <skipped/>
  </testcase> <!-- validateCreateNewContacts -->
</testsuite> <!-- com.crm.qa.test.ContactsPageTest -->
